<?xml version="1.0" encoding="UTF-8"?>
<!-- Generated by org.testng.reporters.JUnitReportReporter -->
<testsuite hostname="DESKTOP-KAD9UQS" failures="0" tests="3" name="BasicsOfTestNg.TestAnnotation1" time="0.015" errors="0" timestamp="2022-05-05T14:57:31 IST" skipped="0">
  <testcase classname="BasicsOfTestNg.TestAnnotation1" name="m2" time="0.002"/>
  <system-out/>
  <testcase classname="BasicsOfTestNg.TestAnnotation1" name="m1" time="0.012"/>
  <system-out/>
  <testcase classname="BasicsOfTestNg.TestAnnotation1" name="m3" time="0.001"/>
  <system-out/>
</testsuite> <!-- BasicsOfTestNg.TestAnnotation1 -->
