<?xml version="1.0" encoding="UTF-8"?>
<!-- Generated by org.testng.reporters.JUnitReportReporter -->
<testsuite hostname="DESKTOP-KAD9UQS" failures="0" tests="1" name="KeyWords.ThreadPoolsize" time="3.093" errors="0" timestamp="2022-05-06T14:56:29 IST" skipped="0">
  <testcase classname="KeyWords.ThreadPoolsize" name="LaunchBrowser" time="3.093"/>
  <system-out/>
</testsuite> <!-- KeyWords.ThreadPoolsize -->
