<?xml version="1.0" encoding="UTF-8"?>
<!-- Generated by org.testng.reporters.JUnitReportReporter -->
<testsuite hostname="DESKTOP-KAD9UQS" failures="0" tests="2" name="KeyWords.EnabledEqualsToFalse" time="0.006" errors="0" timestamp="2022-05-05T16:27:43 IST" skipped="1">
  <testcase classname="KeyWords.EnabledEqualsToFalse" name="ProfilePage" time="0.006"/>
  <system-out/>
  <testcase classname="KeyWords.EnabledEqualsToFalse" name="HomePage">
    <skipped/>
  </testcase> <!-- HomePage -->
  <system-out/>
</testsuite> <!-- KeyWords.EnabledEqualsToFalse -->
