<?xml version="1.0" encoding="UTF-8"?>
<!-- Generated by org.testng.reporters.JUnitReportReporter -->
<testsuite hostname="DESKTOP-KAD9UQS" failures="0" tests="3" name="BasicsOfTestNg.TestAnnotaion2" time="0.005" errors="0" timestamp="2022-05-05T14:57:31 IST" skipped="0">
  <testcase classname="BasicsOfTestNg.TestAnnotaion2" name="m6" time="0.002"/>
  <system-out/>
  <testcase classname="BasicsOfTestNg.TestAnnotaion2" name="m4" time="0.002"/>
  <system-out/>
  <testcase classname="BasicsOfTestNg.TestAnnotaion2" name="m5" time="0.001"/>
  <system-out/>
</testsuite> <!-- BasicsOfTestNg.TestAnnotaion2 -->
