<?xml version="1.0" encoding="UTF-8"?>
<!-- Generated by org.testng.reporters.JUnitReportReporter -->
<testsuite hostname="DESKTOP-KAD9UQS" failures="0" tests="3" name="GroupingInTestNG.TestCase1" time="0.011" errors="0" timestamp="2022-05-12T10:11:04 IST" skipped="0">
  <testcase classname="GroupingInTestNG.TestCase1" name="Test2" time="0.002"/>
  <system-out/>
  <testcase classname="GroupingInTestNG.TestCase1" name="Test1" time="0.008"/>
  <system-out/>
  <testcase classname="GroupingInTestNG.TestCase1" name="Test3" time="0.001"/>
  <system-out/>
</testsuite> <!-- GroupingInTestNG.TestCase1 -->
