<?xml version="1.0" encoding="UTF-8"?>
<!-- Generated by org.testng.reporters.JUnitReportReporter -->
<testsuite hostname="DESKTOP-KAD9UQS" failures="0" tests="12" name="ParameterizationXml.PracticeRepete" time="22.484" errors="0" timestamp="2022-05-12T17:22:04 IST" skipped="0">
  <testcase classname="ParameterizationXml.PracticeRepete" name="crossbrowserTesting" time="8.549"/>
  <system-out/>
  <testcase classname="ParameterizationXml.PracticeRepete" name="crossbrowserTesting" time="12.550"/>
  <system-out/>
  <testcase classname="ParameterizationXml.PracticeRepete" name="VerifyCurrentUrl" time="0.058"/>
  <system-out/>
  <testcase classname="ParameterizationXml.PracticeRepete" name="VerifyCurrentUrl" time="0.008"/>
  <system-out/>
  <testcase classname="ParameterizationXml.PracticeRepete" name="VerifyPageTitle" time="0.006"/>
  <system-out/>
  <testcase classname="ParameterizationXml.PracticeRepete" name="VerifyPageTitle" time="0.036"/>
  <system-out/>
  <testcase classname="ParameterizationXml.PracticeRepete" name="VerifyUsernameField" time="0.138"/>
  <system-out/>
  <testcase classname="ParameterizationXml.PracticeRepete" name="VerifyUsernameField" time="0.194"/>
  <system-out/>
  <testcase classname="ParameterizationXml.PracticeRepete" name="VerifyPasswordField" time="0.129"/>
  <system-out/>
  <testcase classname="ParameterizationXml.PracticeRepete" name="VerifyPasswordField" time="0.122"/>
  <system-out/>
  <testcase classname="ParameterizationXml.PracticeRepete" name="ClickLoginButton" time="0.077"/>
  <system-out/>
  <testcase classname="ParameterizationXml.PracticeRepete" name="ClickLoginButton" time="0.617"/>
  <system-out/>
</testsuite> <!-- ParameterizationXml.PracticeRepete -->
