<?xml version="1.0" encoding="UTF-8"?>
<!-- Generated by org.testng.reporters.JUnitReportReporter -->
<testsuite hostname="DESKTOP-KAD9UQS" failures="0" tests="6" name="KeyWords.InvocationCount" time="0.032" errors="0" timestamp="2022-05-05T15:11:28 IST" skipped="0">
  <testcase classname="KeyWords.InvocationCount" name="ProfilePageTest" time="0.007"/>
  <system-out/>
  <testcase classname="KeyWords.InvocationCount" name="HomePageTest" time="0.009"/>
  <system-out/>
  <testcase classname="KeyWords.InvocationCount" name="HomePageTest" time="0.004"/>
  <system-out/>
  <testcase classname="KeyWords.InvocationCount" name="HomePageTest" time="0.009"/>
  <system-out/>
  <testcase classname="KeyWords.InvocationCount" name="HomePageTest" time="0.002"/>
  <system-out/>
  <testcase classname="KeyWords.InvocationCount" name="HomePageTest" time="0.001"/>
  <system-out/>
</testsuite> <!-- KeyWords.InvocationCount -->
