<?xml version="1.0" encoding="UTF-8"?>
<!-- Generated by org.testng.reporters.JUnitReportReporter -->
<testsuite hostname="DESKTOP-KAD9UQS" failures="0" tests="3" name="BasicsOfTestNg.IntroductionToTestNg" time="0.016" errors="0" timestamp="2022-04-30T23:54:11 IST" skipped="0">
  <testcase classname="BasicsOfTestNg.IntroductionToTestNg" name="Openurl" time="0.012"/>
  <system-out>
    <![CDATA[****Url******]]>
  </system-out>
  <testcase classname="BasicsOfTestNg.IntroductionToTestNg" name="Login" time="0.003"/>
  <system-out>
    <![CDATA[*****Login*******]]>
  </system-out>
  <testcase classname="BasicsOfTestNg.IntroductionToTestNg" name="Logout" time="0.001"/>
  <system-out>
    <![CDATA[*****LogOut******]]>
  </system-out>
</testsuite> <!-- BasicsOfTestNg.IntroductionToTestNg -->
