<?xml version="1.0" encoding="UTF-8"?>
<!-- Generated by org.testng.reporters.JUnitReportReporter -->
<testsuite hostname="DESKTOP-KAD9UQS" failures="0" tests="1" name="AssertPractice.HardAssert" time="0.009" errors="0" timestamp="2022-05-10T15:17:48 IST" skipped="0">
  <testcase classname="AssertPractice.HardAssert" name="test4" time="0.009"/>
  <system-out/>
</testsuite> <!-- AssertPractice.HardAssert -->
