<?xml version="1.0" encoding="UTF-8"?>
<!-- Generated by org.testng.reporters.JUnitReportReporter -->
<testsuite hostname="DESKTOP-KAD9UQS" failures="0" tests="3" name="BasicsOfTestNg.MethodAnnotationExample" time="0.015" errors="0" timestamp="2022-05-02T15:26:28 IST" skipped="0">
  <testcase classname="BasicsOfTestNg.MethodAnnotationExample" name="Homepage" time="0.008"/>
  <system-out>
    <![CDATA[*********Enter In HomePage***********]]>
  </system-out>
  <testcase classname="BasicsOfTestNg.MethodAnnotationExample" name="Profile" time="0.005"/>
  <system-out>
    <![CDATA[***********Enter In ProfilePage*********]]>
  </system-out>
  <testcase classname="BasicsOfTestNg.MethodAnnotationExample" name="Notification" time="0.002"/>
  <system-out>
    <![CDATA[********Enter In Notification********]]>
  </system-out>
</testsuite> <!-- BasicsOfTestNg.MethodAnnotationExample -->
