<?xml version="1.0" encoding="UTF-8"?>
<!-- Generated by org.testng.reporters.JUnitReportReporter -->
<testsuite hostname="DESKTOP-KAD9UQS" failures="0" tests="3" name="GroupingInTestNG.TestCase3" time="0.005" errors="0" timestamp="2022-05-12T10:11:04 IST" skipped="0">
  <testcase classname="GroupingInTestNG.TestCase3" name="Test9" time="0.001"/>
  <system-out/>
  <testcase classname="GroupingInTestNG.TestCase3" name="Test7" time="0.003"/>
  <system-out/>
  <testcase classname="GroupingInTestNG.TestCase3" name="Test8" time="0.001"/>
  <system-out/>
</testsuite> <!-- GroupingInTestNG.TestCase3 -->
