<?xml version="1.0" encoding="UTF-8"?>
<!-- Generated by org.testng.reporters.JUnitReportReporter -->
<testsuite hostname="DESKTOP-KAD9UQS" failures="0" tests="2" name="AssertPractice.SoftAssert" time="0.021" errors="0" timestamp="2022-05-10T15:38:16 IST" skipped="0">
  <testcase classname="AssertPractice.SoftAssert" name="Sample1" time="0.007"/>
  <system-out/>
  <testcase classname="AssertPractice.SoftAssert" name="Sample" time="0.014"/>
  <system-out/>
</testsuite> <!-- AssertPractice.SoftAssert -->
