<?xml version="1.0" encoding="UTF-8"?>
<!-- Generated by org.testng.reporters.JUnitReportReporter -->
<testsuite hostname="DESKTOP-KAD9UQS" failures="0" tests="3" name="BasicsOfTestNg.Method1" time="0.018" errors="0" timestamp="2022-05-02T15:53:36 IST" skipped="0">
  <testcase classname="BasicsOfTestNg.Method1" name="Homepage" time="0.007"/>
  <system-out>
    <![CDATA[enter in homepage succefull]]>
  </system-out>
  <testcase classname="BasicsOfTestNg.Method1" name="Profilepage" time="0.008"/>
  <system-out>
    <![CDATA[profile page succesfull]]>
  </system-out>
  <testcase classname="BasicsOfTestNg.Method1" name="Notification" time="0.003"/>
  <system-out>
    <![CDATA[these is notification run succesfull]]>
  </system-out>
</testsuite> <!-- BasicsOfTestNg.Method1 -->
