<?xml version="1.0" encoding="UTF-8"?>
<!-- Generated by org.testng.reporters.JUnitReportReporter -->
<testsuite hostname="DESKTOP-KAD9UQS" failures="0" tests="3" name="BasicsOfTestNg.ClassAnnotations" time="0.017" errors="0" timestamp="2022-05-12T10:06:12 IST" skipped="0">
  <testcase classname="BasicsOfTestNg.ClassAnnotations" name="HomePage" time="0.011"/>
  <system-out>
    <![CDATA[***HomePage Successful]]>
  </system-out>
  <testcase classname="BasicsOfTestNg.ClassAnnotations" name="ProfilePage" time="0.004"/>
  <system-out>
    <![CDATA[******ProfilePage Successful*****]]>
  </system-out>
  <testcase classname="BasicsOfTestNg.ClassAnnotations" name="Notification" time="0.002"/>
  <system-out>
    <![CDATA[*****Notification Successfull*****]]>
  </system-out>
</testsuite> <!-- BasicsOfTestNg.ClassAnnotations -->
