<?xml version="1.0" encoding="UTF-8"?>
<!-- Generated by org.testng.reporters.JUnitReportReporter -->
<testsuite hostname="DESKTOP-KAD9UQS" failures="0" tests="1" name="PkgPomPageFactory.RegistrationTest" time="3.240" errors="0" timestamp="2022-05-14T16:58:35 IST" skipped="0">
  <testcase classname="PkgPomPageFactory.RegistrationTest" name="FacebookRegistrationPageTest" time="3.240"/>
  <system-out>
    <![CDATA[Signup Successful
Registration Successful]]>
  </system-out>
</testsuite> <!-- PkgPomPageFactory.RegistrationTest -->
