<?xml version="1.0" encoding="UTF-8"?>
<!-- Generated by org.testng.reporters.JUnitReportReporter -->
<testsuite hostname="DESKTOP-KAD9UQS" failures="0" tests="3" name="GroupingInTestNG.Testcase2" time="0.005" errors="0" timestamp="2022-05-12T10:11:04 IST" skipped="0">
  <testcase classname="GroupingInTestNG.Testcase2" name="Test5" time="0.001"/>
  <system-out/>
  <testcase classname="GroupingInTestNG.Testcase2" name="Test6" time="0.002"/>
  <system-out/>
  <testcase classname="GroupingInTestNG.Testcase2" name="Test4" time="0.002"/>
  <system-out/>
</testsuite> <!-- GroupingInTestNG.Testcase2 -->
