<?xml version="1.0" encoding="UTF-8"?>
<!-- Generated by org.testng.reporters.JUnitReportReporter -->
<testsuite hostname="DESKTOP-KAD9UQS" failures="0" tests="3" name="KeyWords.Priority" time="0.015" errors="0" timestamp="2022-05-05T14:40:40 IST" skipped="0">
  <testcase classname="KeyWords.Priority" name="Test2" time="0.008"/>
  <system-out/>
  <testcase classname="KeyWords.Priority" name="Test1" time="0.004"/>
  <system-out/>
  <testcase classname="KeyWords.Priority" name="Test3" time="0.003"/>
  <system-out/>
</testsuite> <!-- KeyWords.Priority -->
